ARM GAS  C:\Users\Jacar\AppData\Local\Temp\ccDud7hj.s 			page 1


   1              		.cpu cortex-m3
   2              		.eabi_attribute 20, 1
   3              		.eabi_attribute 21, 1
   4              		.eabi_attribute 23, 3
   5              		.eabi_attribute 24, 1
   6              		.eabi_attribute 25, 1
   7              		.eabi_attribute 26, 1
   8              		.eabi_attribute 30, 1
   9              		.eabi_attribute 34, 1
  10              		.eabi_attribute 18, 4
  11              		.file	"main.c"
  12              		.text
  13              	.Ltext0:
  14              		.cfi_sections	.debug_frame
  15              		.section	.text.MX_GPIO_Init,"ax",%progbits
  16              		.align	1
  17              		.arch armv7-m
  18              		.syntax unified
  19              		.thumb
  20              		.thumb_func
  21              		.fpu softvfp
  23              	MX_GPIO_Init:
  24              	.LFB72:
  25              		.file 1 "Src/main.c"
   1:Src/main.c    **** /* USER CODE BEGIN Header */
   2:Src/main.c    **** /**
   3:Src/main.c    ****   ******************************************************************************
   4:Src/main.c    ****   * @file           : main.c
   5:Src/main.c    ****   * @brief          : Main program body
   6:Src/main.c    ****   ******************************************************************************
   7:Src/main.c    ****   * @attention
   8:Src/main.c    ****   *
   9:Src/main.c    ****   * <h2><center>&copy; Copyright (c) 2020 STMicroelectronics.
  10:Src/main.c    ****   * All rights reserved.</center></h2>
  11:Src/main.c    ****   *
  12:Src/main.c    ****   * This software component is licensed by ST under BSD 3-Clause license,
  13:Src/main.c    ****   * the "License"; You may not use this file except in compliance with the
  14:Src/main.c    ****   * License. You may obtain a copy of the License at:
  15:Src/main.c    ****   *                        opensource.org/licenses/BSD-3-Clause
  16:Src/main.c    ****   *
  17:Src/main.c    ****   ******************************************************************************
  18:Src/main.c    ****   */
  19:Src/main.c    **** /* USER CODE END Header */
  20:Src/main.c    **** 
  21:Src/main.c    **** /* Includes ------------------------------------------------------------------*/
  22:Src/main.c    **** #include "main.h"
  23:Src/main.c    **** 
  24:Src/main.c    **** #include "serial.h"
  25:Src/main.c    **** 
  26:Src/main.c    **** #include <stdio.h>
  27:Src/main.c    **** #include <stdlib.h>
  28:Src/main.c    **** #include <string.h>
  29:Src/main.c    **** 
  30:Src/main.c    **** /* Private includes ----------------------------------------------------------*/
  31:Src/main.c    **** /* USER CODE BEGIN Includes */
  32:Src/main.c    **** 
  33:Src/main.c    **** /* USER CODE END Includes */
ARM GAS  C:\Users\Jacar\AppData\Local\Temp\ccDud7hj.s 			page 2


  34:Src/main.c    **** 
  35:Src/main.c    **** /* Private typedef -----------------------------------------------------------*/
  36:Src/main.c    **** /* USER CODE BEGIN PTD */
  37:Src/main.c    **** 
  38:Src/main.c    **** /* USER CODE END PTD */
  39:Src/main.c    **** 
  40:Src/main.c    **** /* Private define ------------------------------------------------------------*/
  41:Src/main.c    **** /* USER CODE BEGIN PD */
  42:Src/main.c    **** /* USER CODE END PD */
  43:Src/main.c    **** 
  44:Src/main.c    **** /* Private macro -------------------------------------------------------------*/
  45:Src/main.c    **** /* USER CODE BEGIN PM */
  46:Src/main.c    **** 
  47:Src/main.c    **** /* USER CODE END PM */
  48:Src/main.c    **** 
  49:Src/main.c    **** /* Private variables ---------------------------------------------------------*/
  50:Src/main.c    **** CAN_HandleTypeDef hcan;
  51:Src/main.c    **** 
  52:Src/main.c    **** UART_HandleTypeDef huart2;
  53:Src/main.c    **** 
  54:Src/main.c    **** /* USER CODE BEGIN PV */
  55:Src/main.c    **** 
  56:Src/main.c    **** /* USER CODE END PV */
  57:Src/main.c    **** 
  58:Src/main.c    **** /* Private function prototypes -----------------------------------------------*/
  59:Src/main.c    **** void SystemClock_Config(void);
  60:Src/main.c    **** static void MX_GPIO_Init(void);
  61:Src/main.c    **** static void MX_CAN_Init(void);
  62:Src/main.c    **** static void MX_USART2_UART_Init(void);
  63:Src/main.c    **** /* USER CODE BEGIN PFP */
  64:Src/main.c    **** 
  65:Src/main.c    **** /* USER CODE END PFP */
  66:Src/main.c    **** 
  67:Src/main.c    **** /* Private user code ---------------------------------------------------------*/
  68:Src/main.c    **** /* USER CODE BEGIN 0 */
  69:Src/main.c    **** 
  70:Src/main.c    **** /* USER CODE END 0 */
  71:Src/main.c    **** 
  72:Src/main.c    **** /**
  73:Src/main.c    ****   * @brief  The application entry point.
  74:Src/main.c    ****   * @retval int
  75:Src/main.c    ****   */
  76:Src/main.c    **** int main(void)
  77:Src/main.c    **** {
  78:Src/main.c    ****   /* USER CODE BEGIN 1 */
  79:Src/main.c    **** 
  80:Src/main.c    ****   /* USER CODE END 1 */
  81:Src/main.c    **** 
  82:Src/main.c    ****   /* MCU Configuration--------------------------------------------------------*/
  83:Src/main.c    **** 
  84:Src/main.c    ****   /* Reset of all peripherals, Initializes the Flash interface and the Systick. */
  85:Src/main.c    ****   HAL_Init();
  86:Src/main.c    **** 
  87:Src/main.c    ****   /* USER CODE BEGIN Init */
  88:Src/main.c    **** 
  89:Src/main.c    ****   /* USER CODE END Init */
  90:Src/main.c    **** 
ARM GAS  C:\Users\Jacar\AppData\Local\Temp\ccDud7hj.s 			page 3


  91:Src/main.c    ****   /* Configure the system clock */
  92:Src/main.c    ****   SystemClock_Config();
  93:Src/main.c    **** 
  94:Src/main.c    ****   /* USER CODE BEGIN SysInit */
  95:Src/main.c    **** 
  96:Src/main.c    ****   /* USER CODE END SysInit */
  97:Src/main.c    **** 
  98:Src/main.c    ****   /* Initialize all configured peripherals */
  99:Src/main.c    ****   MX_GPIO_Init();
 100:Src/main.c    ****   MX_CAN_Init();
 101:Src/main.c    ****   MX_USART2_UART_Init();
 102:Src/main.c    ****   /* USER CODE BEGIN 2 */
 103:Src/main.c    **** 
 104:Src/main.c    ****   //HAL_Delay() Delay in milliseconds
 105:Src/main.c    **** 
 106:Src/main.c    **** 
 107:Src/main.c    ****   /* USER CODE END 2 */ 
 108:Src/main.c    **** 
 109:Src/main.c    ****   /* Infinite loop */
 110:Src/main.c    ****   /* USER CODE BEGIN WHILE */
 111:Src/main.c    ****   while (1)
 112:Src/main.c    ****   {
 113:Src/main.c    ****     /* USER CODE END WHILE */
 114:Src/main.c    **** 
 115:Src/main.c    ****     HAL_UART_Transmit(&huart2,(uint8_t *) "HolaMundo", strlen("HolaMundo"),100);
 116:Src/main.c    **** 
 117:Src/main.c    ****     /* USER CODE BEGIN 3 */
 118:Src/main.c    ****   }
 119:Src/main.c    ****   /* USER CODE END 3 */
 120:Src/main.c    **** }
 121:Src/main.c    **** 
 122:Src/main.c    **** /**
 123:Src/main.c    ****   * @brief System Clock Configuration
 124:Src/main.c    ****   * @retval None
 125:Src/main.c    ****   */
 126:Src/main.c    **** void SystemClock_Config(void)
 127:Src/main.c    **** {
 128:Src/main.c    ****   RCC_OscInitTypeDef RCC_OscInitStruct = {0};
 129:Src/main.c    ****   RCC_ClkInitTypeDef RCC_ClkInitStruct = {0};
 130:Src/main.c    **** 
 131:Src/main.c    ****   /** Initializes the CPU, AHB and APB busses clocks 
 132:Src/main.c    ****   */
 133:Src/main.c    ****   RCC_OscInitStruct.OscillatorType = RCC_OSCILLATORTYPE_HSI;
 134:Src/main.c    ****   RCC_OscInitStruct.HSIState = RCC_HSI_ON;
 135:Src/main.c    ****   RCC_OscInitStruct.HSICalibrationValue = RCC_HSICALIBRATION_DEFAULT;
 136:Src/main.c    ****   RCC_OscInitStruct.PLL.PLLState = RCC_PLL_NONE;
 137:Src/main.c    ****   if (HAL_RCC_OscConfig(&RCC_OscInitStruct) != HAL_OK)
 138:Src/main.c    ****   {
 139:Src/main.c    ****     Error_Handler();
 140:Src/main.c    ****   }
 141:Src/main.c    ****   /** Initializes the CPU, AHB and APB busses clocks 
 142:Src/main.c    ****   */
 143:Src/main.c    ****   RCC_ClkInitStruct.ClockType = RCC_CLOCKTYPE_HCLK|RCC_CLOCKTYPE_SYSCLK
 144:Src/main.c    ****                               |RCC_CLOCKTYPE_PCLK1|RCC_CLOCKTYPE_PCLK2;
 145:Src/main.c    ****   RCC_ClkInitStruct.SYSCLKSource = RCC_SYSCLKSOURCE_HSI;
 146:Src/main.c    ****   RCC_ClkInitStruct.AHBCLKDivider = RCC_SYSCLK_DIV1;
 147:Src/main.c    ****   RCC_ClkInitStruct.APB1CLKDivider = RCC_HCLK_DIV1;
ARM GAS  C:\Users\Jacar\AppData\Local\Temp\ccDud7hj.s 			page 4


 148:Src/main.c    ****   RCC_ClkInitStruct.APB2CLKDivider = RCC_HCLK_DIV1;
 149:Src/main.c    **** 
 150:Src/main.c    ****   if (HAL_RCC_ClockConfig(&RCC_ClkInitStruct, FLASH_LATENCY_0) != HAL_OK)
 151:Src/main.c    ****   {
 152:Src/main.c    ****     Error_Handler();
 153:Src/main.c    ****   }
 154:Src/main.c    **** }
 155:Src/main.c    **** 
 156:Src/main.c    **** /**
 157:Src/main.c    ****   * @brief CAN Initialization Function
 158:Src/main.c    ****   * @param None
 159:Src/main.c    ****   * @retval None
 160:Src/main.c    ****   */
 161:Src/main.c    **** static void MX_CAN_Init(void)
 162:Src/main.c    **** {
 163:Src/main.c    **** 
 164:Src/main.c    ****   /* USER CODE BEGIN CAN_Init 0 */
 165:Src/main.c    **** 
 166:Src/main.c    ****   /* USER CODE END CAN_Init 0 */
 167:Src/main.c    **** 
 168:Src/main.c    ****   /* USER CODE BEGIN CAN_Init 1 */
 169:Src/main.c    **** 
 170:Src/main.c    ****   /* USER CODE END CAN_Init 1 */
 171:Src/main.c    ****   hcan.Instance = CAN1;
 172:Src/main.c    ****   hcan.Init.Prescaler = 16;
 173:Src/main.c    ****   hcan.Init.Mode = CAN_MODE_NORMAL;
 174:Src/main.c    ****   hcan.Init.SyncJumpWidth = CAN_SJW_1TQ;
 175:Src/main.c    ****   hcan.Init.TimeSeg1 = CAN_BS1_1TQ;
 176:Src/main.c    ****   hcan.Init.TimeSeg2 = CAN_BS2_1TQ;
 177:Src/main.c    ****   hcan.Init.TimeTriggeredMode = DISABLE;
 178:Src/main.c    ****   hcan.Init.AutoBusOff = DISABLE;
 179:Src/main.c    ****   hcan.Init.AutoWakeUp = DISABLE;
 180:Src/main.c    ****   hcan.Init.AutoRetransmission = DISABLE;
 181:Src/main.c    ****   hcan.Init.ReceiveFifoLocked = DISABLE;
 182:Src/main.c    ****   hcan.Init.TransmitFifoPriority = DISABLE;
 183:Src/main.c    ****   if (HAL_CAN_Init(&hcan) != HAL_OK)
 184:Src/main.c    ****   {
 185:Src/main.c    ****     Error_Handler();
 186:Src/main.c    ****   }
 187:Src/main.c    ****   /* USER CODE BEGIN CAN_Init 2 */
 188:Src/main.c    **** 
 189:Src/main.c    ****   /* USER CODE END CAN_Init 2 */
 190:Src/main.c    **** 
 191:Src/main.c    **** }
 192:Src/main.c    **** 
 193:Src/main.c    **** /**
 194:Src/main.c    ****   * @brief USART2 Initialization Function
 195:Src/main.c    ****   * @param None
 196:Src/main.c    ****   * @retval None
 197:Src/main.c    ****   */
 198:Src/main.c    **** static void MX_USART2_UART_Init(void)
 199:Src/main.c    **** {
 200:Src/main.c    **** 
 201:Src/main.c    ****   /* USER CODE BEGIN USART2_Init 0 */
 202:Src/main.c    **** 
 203:Src/main.c    ****   /* USER CODE END USART2_Init 0 */
 204:Src/main.c    **** 
ARM GAS  C:\Users\Jacar\AppData\Local\Temp\ccDud7hj.s 			page 5


 205:Src/main.c    ****   /* USER CODE BEGIN USART2_Init 1 */
 206:Src/main.c    **** 
 207:Src/main.c    ****   /* USER CODE END USART2_Init 1 */
 208:Src/main.c    ****   huart2.Instance = USART2;
 209:Src/main.c    ****   huart2.Init.BaudRate = 115200;
 210:Src/main.c    ****   huart2.Init.WordLength = UART_WORDLENGTH_8B;
 211:Src/main.c    ****   huart2.Init.StopBits = UART_STOPBITS_1;
 212:Src/main.c    ****   huart2.Init.Parity = UART_PARITY_NONE;
 213:Src/main.c    ****   huart2.Init.Mode = UART_MODE_TX_RX;
 214:Src/main.c    ****   huart2.Init.HwFlowCtl = UART_HWCONTROL_NONE;
 215:Src/main.c    ****   huart2.Init.OverSampling = UART_OVERSAMPLING_16;
 216:Src/main.c    ****   if (HAL_UART_Init(&huart2) != HAL_OK)
 217:Src/main.c    ****   {
 218:Src/main.c    ****     Error_Handler();
 219:Src/main.c    ****   }
 220:Src/main.c    ****   /* USER CODE BEGIN USART2_Init 2 */
 221:Src/main.c    **** 
 222:Src/main.c    ****   /* USER CODE END USART2_Init 2 */
 223:Src/main.c    **** 
 224:Src/main.c    **** }
 225:Src/main.c    **** 
 226:Src/main.c    **** /**
 227:Src/main.c    ****   * @brief GPIO Initialization Function
 228:Src/main.c    ****   * @param None
 229:Src/main.c    ****   * @retval None
 230:Src/main.c    ****   */
 231:Src/main.c    **** static void MX_GPIO_Init(void)
 232:Src/main.c    **** {
  26              		.loc 1 232 1 view -0
  27              		.cfi_startproc
  28              		@ args = 0, pretend = 0, frame = 8
  29              		@ frame_needed = 0, uses_anonymous_args = 0
  30              		@ link register save eliminated.
  31 0000 82B0     		sub	sp, sp, #8
  32              	.LCFI0:
  33              		.cfi_def_cfa_offset 8
 233:Src/main.c    **** 
 234:Src/main.c    ****   /* GPIO Ports Clock Enable */
 235:Src/main.c    ****   __HAL_RCC_GPIOA_CLK_ENABLE();
  34              		.loc 1 235 3 view .LVU1
  35              	.LBB2:
  36              		.loc 1 235 3 view .LVU2
  37              		.loc 1 235 3 view .LVU3
  38 0002 0A4B     		ldr	r3, .L3
  39 0004 9A69     		ldr	r2, [r3, #24]
  40 0006 42F00402 		orr	r2, r2, #4
  41 000a 9A61     		str	r2, [r3, #24]
  42              		.loc 1 235 3 view .LVU4
  43 000c 9A69     		ldr	r2, [r3, #24]
  44 000e 02F00402 		and	r2, r2, #4
  45 0012 0092     		str	r2, [sp]
  46              		.loc 1 235 3 view .LVU5
  47 0014 009A     		ldr	r2, [sp]
  48              	.LBE2:
  49              		.loc 1 235 3 view .LVU6
 236:Src/main.c    ****   __HAL_RCC_GPIOB_CLK_ENABLE();
  50              		.loc 1 236 3 view .LVU7
ARM GAS  C:\Users\Jacar\AppData\Local\Temp\ccDud7hj.s 			page 6


  51              	.LBB3:
  52              		.loc 1 236 3 view .LVU8
  53              		.loc 1 236 3 view .LVU9
  54 0016 9A69     		ldr	r2, [r3, #24]
  55 0018 42F00802 		orr	r2, r2, #8
  56 001c 9A61     		str	r2, [r3, #24]
  57              		.loc 1 236 3 view .LVU10
  58 001e 9B69     		ldr	r3, [r3, #24]
  59 0020 03F00803 		and	r3, r3, #8
  60 0024 0193     		str	r3, [sp, #4]
  61              		.loc 1 236 3 view .LVU11
  62 0026 019B     		ldr	r3, [sp, #4]
  63              	.LBE3:
  64              		.loc 1 236 3 view .LVU12
 237:Src/main.c    **** 
 238:Src/main.c    **** }
  65              		.loc 1 238 1 is_stmt 0 view .LVU13
  66 0028 02B0     		add	sp, sp, #8
  67              	.LCFI1:
  68              		.cfi_def_cfa_offset 0
  69              		@ sp needed
  70 002a 7047     		bx	lr
  71              	.L4:
  72              		.align	2
  73              	.L3:
  74 002c 00100240 		.word	1073876992
  75              		.cfi_endproc
  76              	.LFE72:
  78              		.section	.text.MX_CAN_Init,"ax",%progbits
  79              		.align	1
  80              		.syntax unified
  81              		.thumb
  82              		.thumb_func
  83              		.fpu softvfp
  85              	MX_CAN_Init:
  86              	.LFB70:
 162:Src/main.c    **** 
  87              		.loc 1 162 1 is_stmt 1 view -0
  88              		.cfi_startproc
  89              		@ args = 0, pretend = 0, frame = 0
  90              		@ frame_needed = 0, uses_anonymous_args = 0
  91 0000 08B5     		push	{r3, lr}
  92              	.LCFI2:
  93              		.cfi_def_cfa_offset 8
  94              		.cfi_offset 3, -8
  95              		.cfi_offset 14, -4
 171:Src/main.c    ****   hcan.Init.Prescaler = 16;
  96              		.loc 1 171 3 view .LVU15
 171:Src/main.c    ****   hcan.Init.Prescaler = 16;
  97              		.loc 1 171 17 is_stmt 0 view .LVU16
  98 0002 0948     		ldr	r0, .L7
  99 0004 094B     		ldr	r3, .L7+4
 100 0006 0360     		str	r3, [r0]
 172:Src/main.c    ****   hcan.Init.Mode = CAN_MODE_NORMAL;
 101              		.loc 1 172 3 is_stmt 1 view .LVU17
 172:Src/main.c    ****   hcan.Init.Mode = CAN_MODE_NORMAL;
 102              		.loc 1 172 23 is_stmt 0 view .LVU18
ARM GAS  C:\Users\Jacar\AppData\Local\Temp\ccDud7hj.s 			page 7


 103 0008 1023     		movs	r3, #16
 104 000a 4360     		str	r3, [r0, #4]
 173:Src/main.c    ****   hcan.Init.SyncJumpWidth = CAN_SJW_1TQ;
 105              		.loc 1 173 3 is_stmt 1 view .LVU19
 173:Src/main.c    ****   hcan.Init.SyncJumpWidth = CAN_SJW_1TQ;
 106              		.loc 1 173 18 is_stmt 0 view .LVU20
 107 000c 0023     		movs	r3, #0
 108 000e 8360     		str	r3, [r0, #8]
 174:Src/main.c    ****   hcan.Init.TimeSeg1 = CAN_BS1_1TQ;
 109              		.loc 1 174 3 is_stmt 1 view .LVU21
 174:Src/main.c    ****   hcan.Init.TimeSeg1 = CAN_BS1_1TQ;
 110              		.loc 1 174 27 is_stmt 0 view .LVU22
 111 0010 C360     		str	r3, [r0, #12]
 175:Src/main.c    ****   hcan.Init.TimeSeg2 = CAN_BS2_1TQ;
 112              		.loc 1 175 3 is_stmt 1 view .LVU23
 175:Src/main.c    ****   hcan.Init.TimeSeg2 = CAN_BS2_1TQ;
 113              		.loc 1 175 22 is_stmt 0 view .LVU24
 114 0012 0361     		str	r3, [r0, #16]
 176:Src/main.c    ****   hcan.Init.TimeTriggeredMode = DISABLE;
 115              		.loc 1 176 3 is_stmt 1 view .LVU25
 176:Src/main.c    ****   hcan.Init.TimeTriggeredMode = DISABLE;
 116              		.loc 1 176 22 is_stmt 0 view .LVU26
 117 0014 4361     		str	r3, [r0, #20]
 177:Src/main.c    ****   hcan.Init.AutoBusOff = DISABLE;
 118              		.loc 1 177 3 is_stmt 1 view .LVU27
 177:Src/main.c    ****   hcan.Init.AutoBusOff = DISABLE;
 119              		.loc 1 177 31 is_stmt 0 view .LVU28
 120 0016 0376     		strb	r3, [r0, #24]
 178:Src/main.c    ****   hcan.Init.AutoWakeUp = DISABLE;
 121              		.loc 1 178 3 is_stmt 1 view .LVU29
 178:Src/main.c    ****   hcan.Init.AutoWakeUp = DISABLE;
 122              		.loc 1 178 24 is_stmt 0 view .LVU30
 123 0018 4376     		strb	r3, [r0, #25]
 179:Src/main.c    ****   hcan.Init.AutoRetransmission = DISABLE;
 124              		.loc 1 179 3 is_stmt 1 view .LVU31
 179:Src/main.c    ****   hcan.Init.AutoRetransmission = DISABLE;
 125              		.loc 1 179 24 is_stmt 0 view .LVU32
 126 001a 8376     		strb	r3, [r0, #26]
 180:Src/main.c    ****   hcan.Init.ReceiveFifoLocked = DISABLE;
 127              		.loc 1 180 3 is_stmt 1 view .LVU33
 180:Src/main.c    ****   hcan.Init.ReceiveFifoLocked = DISABLE;
 128              		.loc 1 180 32 is_stmt 0 view .LVU34
 129 001c C376     		strb	r3, [r0, #27]
 181:Src/main.c    ****   hcan.Init.TransmitFifoPriority = DISABLE;
 130              		.loc 1 181 3 is_stmt 1 view .LVU35
 181:Src/main.c    ****   hcan.Init.TransmitFifoPriority = DISABLE;
 131              		.loc 1 181 31 is_stmt 0 view .LVU36
 132 001e 0377     		strb	r3, [r0, #28]
 182:Src/main.c    ****   if (HAL_CAN_Init(&hcan) != HAL_OK)
 133              		.loc 1 182 3 is_stmt 1 view .LVU37
 182:Src/main.c    ****   if (HAL_CAN_Init(&hcan) != HAL_OK)
 134              		.loc 1 182 34 is_stmt 0 view .LVU38
 135 0020 4377     		strb	r3, [r0, #29]
 183:Src/main.c    ****   {
 136              		.loc 1 183 3 is_stmt 1 view .LVU39
 183:Src/main.c    ****   {
 137              		.loc 1 183 7 is_stmt 0 view .LVU40
ARM GAS  C:\Users\Jacar\AppData\Local\Temp\ccDud7hj.s 			page 8


 138 0022 FFF7FEFF 		bl	HAL_CAN_Init
 139              	.LVL0:
 191:Src/main.c    **** 
 140              		.loc 1 191 1 view .LVU41
 141 0026 08BD     		pop	{r3, pc}
 142              	.L8:
 143              		.align	2
 144              	.L7:
 145 0028 00000000 		.word	hcan
 146 002c 00640040 		.word	1073767424
 147              		.cfi_endproc
 148              	.LFE70:
 150              		.section	.text.MX_USART2_UART_Init,"ax",%progbits
 151              		.align	1
 152              		.syntax unified
 153              		.thumb
 154              		.thumb_func
 155              		.fpu softvfp
 157              	MX_USART2_UART_Init:
 158              	.LFB71:
 199:Src/main.c    **** 
 159              		.loc 1 199 1 is_stmt 1 view -0
 160              		.cfi_startproc
 161              		@ args = 0, pretend = 0, frame = 0
 162              		@ frame_needed = 0, uses_anonymous_args = 0
 163 0000 08B5     		push	{r3, lr}
 164              	.LCFI3:
 165              		.cfi_def_cfa_offset 8
 166              		.cfi_offset 3, -8
 167              		.cfi_offset 14, -4
 208:Src/main.c    ****   huart2.Init.BaudRate = 115200;
 168              		.loc 1 208 3 view .LVU43
 208:Src/main.c    ****   huart2.Init.BaudRate = 115200;
 169              		.loc 1 208 19 is_stmt 0 view .LVU44
 170 0002 0848     		ldr	r0, .L11
 171 0004 084B     		ldr	r3, .L11+4
 172 0006 0360     		str	r3, [r0]
 209:Src/main.c    ****   huart2.Init.WordLength = UART_WORDLENGTH_8B;
 173              		.loc 1 209 3 is_stmt 1 view .LVU45
 209:Src/main.c    ****   huart2.Init.WordLength = UART_WORDLENGTH_8B;
 174              		.loc 1 209 24 is_stmt 0 view .LVU46
 175 0008 4FF4E133 		mov	r3, #115200
 176 000c 4360     		str	r3, [r0, #4]
 210:Src/main.c    ****   huart2.Init.StopBits = UART_STOPBITS_1;
 177              		.loc 1 210 3 is_stmt 1 view .LVU47
 210:Src/main.c    ****   huart2.Init.StopBits = UART_STOPBITS_1;
 178              		.loc 1 210 26 is_stmt 0 view .LVU48
 179 000e 0023     		movs	r3, #0
 180 0010 8360     		str	r3, [r0, #8]
 211:Src/main.c    ****   huart2.Init.Parity = UART_PARITY_NONE;
 181              		.loc 1 211 3 is_stmt 1 view .LVU49
 211:Src/main.c    ****   huart2.Init.Parity = UART_PARITY_NONE;
 182              		.loc 1 211 24 is_stmt 0 view .LVU50
 183 0012 C360     		str	r3, [r0, #12]
 212:Src/main.c    ****   huart2.Init.Mode = UART_MODE_TX_RX;
 184              		.loc 1 212 3 is_stmt 1 view .LVU51
 212:Src/main.c    ****   huart2.Init.Mode = UART_MODE_TX_RX;
ARM GAS  C:\Users\Jacar\AppData\Local\Temp\ccDud7hj.s 			page 9


 185              		.loc 1 212 22 is_stmt 0 view .LVU52
 186 0014 0361     		str	r3, [r0, #16]
 213:Src/main.c    ****   huart2.Init.HwFlowCtl = UART_HWCONTROL_NONE;
 187              		.loc 1 213 3 is_stmt 1 view .LVU53
 213:Src/main.c    ****   huart2.Init.HwFlowCtl = UART_HWCONTROL_NONE;
 188              		.loc 1 213 20 is_stmt 0 view .LVU54
 189 0016 0C22     		movs	r2, #12
 190 0018 4261     		str	r2, [r0, #20]
 214:Src/main.c    ****   huart2.Init.OverSampling = UART_OVERSAMPLING_16;
 191              		.loc 1 214 3 is_stmt 1 view .LVU55
 214:Src/main.c    ****   huart2.Init.OverSampling = UART_OVERSAMPLING_16;
 192              		.loc 1 214 25 is_stmt 0 view .LVU56
 193 001a 8361     		str	r3, [r0, #24]
 215:Src/main.c    ****   if (HAL_UART_Init(&huart2) != HAL_OK)
 194              		.loc 1 215 3 is_stmt 1 view .LVU57
 215:Src/main.c    ****   if (HAL_UART_Init(&huart2) != HAL_OK)
 195              		.loc 1 215 28 is_stmt 0 view .LVU58
 196 001c C361     		str	r3, [r0, #28]
 216:Src/main.c    ****   {
 197              		.loc 1 216 3 is_stmt 1 view .LVU59
 216:Src/main.c    ****   {
 198              		.loc 1 216 7 is_stmt 0 view .LVU60
 199 001e FFF7FEFF 		bl	HAL_UART_Init
 200              	.LVL1:
 224:Src/main.c    **** 
 201              		.loc 1 224 1 view .LVU61
 202 0022 08BD     		pop	{r3, pc}
 203              	.L12:
 204              		.align	2
 205              	.L11:
 206 0024 00000000 		.word	huart2
 207 0028 00440040 		.word	1073759232
 208              		.cfi_endproc
 209              	.LFE71:
 211              		.section	.text.SystemClock_Config,"ax",%progbits
 212              		.align	1
 213              		.global	SystemClock_Config
 214              		.syntax unified
 215              		.thumb
 216              		.thumb_func
 217              		.fpu softvfp
 219              	SystemClock_Config:
 220              	.LFB69:
 127:Src/main.c    ****   RCC_OscInitTypeDef RCC_OscInitStruct = {0};
 221              		.loc 1 127 1 is_stmt 1 view -0
 222              		.cfi_startproc
 223              		@ args = 0, pretend = 0, frame = 64
 224              		@ frame_needed = 0, uses_anonymous_args = 0
 225 0000 10B5     		push	{r4, lr}
 226              	.LCFI4:
 227              		.cfi_def_cfa_offset 8
 228              		.cfi_offset 4, -8
 229              		.cfi_offset 14, -4
 230 0002 90B0     		sub	sp, sp, #64
 231              	.LCFI5:
 232              		.cfi_def_cfa_offset 72
 128:Src/main.c    ****   RCC_ClkInitTypeDef RCC_ClkInitStruct = {0};
ARM GAS  C:\Users\Jacar\AppData\Local\Temp\ccDud7hj.s 			page 10


 233              		.loc 1 128 3 view .LVU63
 128:Src/main.c    ****   RCC_ClkInitTypeDef RCC_ClkInitStruct = {0};
 234              		.loc 1 128 22 is_stmt 0 view .LVU64
 235 0004 2422     		movs	r2, #36
 236 0006 0021     		movs	r1, #0
 237 0008 07A8     		add	r0, sp, #28
 238 000a FFF7FEFF 		bl	memset
 239              	.LVL2:
 129:Src/main.c    **** 
 240              		.loc 1 129 3 is_stmt 1 view .LVU65
 129:Src/main.c    **** 
 241              		.loc 1 129 22 is_stmt 0 view .LVU66
 242 000e 0024     		movs	r4, #0
 243 0010 0194     		str	r4, [sp, #4]
 244 0012 0294     		str	r4, [sp, #8]
 245 0014 0394     		str	r4, [sp, #12]
 246 0016 0494     		str	r4, [sp, #16]
 247 0018 0594     		str	r4, [sp, #20]
 133:Src/main.c    ****   RCC_OscInitStruct.HSIState = RCC_HSI_ON;
 248              		.loc 1 133 3 is_stmt 1 view .LVU67
 133:Src/main.c    ****   RCC_OscInitStruct.HSIState = RCC_HSI_ON;
 249              		.loc 1 133 36 is_stmt 0 view .LVU68
 250 001a 0223     		movs	r3, #2
 251 001c 0693     		str	r3, [sp, #24]
 134:Src/main.c    ****   RCC_OscInitStruct.HSICalibrationValue = RCC_HSICALIBRATION_DEFAULT;
 252              		.loc 1 134 3 is_stmt 1 view .LVU69
 134:Src/main.c    ****   RCC_OscInitStruct.HSICalibrationValue = RCC_HSICALIBRATION_DEFAULT;
 253              		.loc 1 134 30 is_stmt 0 view .LVU70
 254 001e 0123     		movs	r3, #1
 255 0020 0A93     		str	r3, [sp, #40]
 135:Src/main.c    ****   RCC_OscInitStruct.PLL.PLLState = RCC_PLL_NONE;
 256              		.loc 1 135 3 is_stmt 1 view .LVU71
 135:Src/main.c    ****   RCC_OscInitStruct.PLL.PLLState = RCC_PLL_NONE;
 257              		.loc 1 135 41 is_stmt 0 view .LVU72
 258 0022 1023     		movs	r3, #16
 259 0024 0B93     		str	r3, [sp, #44]
 136:Src/main.c    ****   if (HAL_RCC_OscConfig(&RCC_OscInitStruct) != HAL_OK)
 260              		.loc 1 136 3 is_stmt 1 view .LVU73
 137:Src/main.c    ****   {
 261              		.loc 1 137 3 view .LVU74
 137:Src/main.c    ****   {
 262              		.loc 1 137 7 is_stmt 0 view .LVU75
 263 0026 06A8     		add	r0, sp, #24
 264 0028 FFF7FEFF 		bl	HAL_RCC_OscConfig
 265              	.LVL3:
 143:Src/main.c    ****                               |RCC_CLOCKTYPE_PCLK1|RCC_CLOCKTYPE_PCLK2;
 266              		.loc 1 143 3 is_stmt 1 view .LVU76
 143:Src/main.c    ****                               |RCC_CLOCKTYPE_PCLK1|RCC_CLOCKTYPE_PCLK2;
 267              		.loc 1 143 31 is_stmt 0 view .LVU77
 268 002c 0F23     		movs	r3, #15
 269 002e 0193     		str	r3, [sp, #4]
 145:Src/main.c    ****   RCC_ClkInitStruct.AHBCLKDivider = RCC_SYSCLK_DIV1;
 270              		.loc 1 145 3 is_stmt 1 view .LVU78
 145:Src/main.c    ****   RCC_ClkInitStruct.AHBCLKDivider = RCC_SYSCLK_DIV1;
 271              		.loc 1 145 34 is_stmt 0 view .LVU79
 272 0030 0294     		str	r4, [sp, #8]
 146:Src/main.c    ****   RCC_ClkInitStruct.APB1CLKDivider = RCC_HCLK_DIV1;
ARM GAS  C:\Users\Jacar\AppData\Local\Temp\ccDud7hj.s 			page 11


 273              		.loc 1 146 3 is_stmt 1 view .LVU80
 146:Src/main.c    ****   RCC_ClkInitStruct.APB1CLKDivider = RCC_HCLK_DIV1;
 274              		.loc 1 146 35 is_stmt 0 view .LVU81
 275 0032 0394     		str	r4, [sp, #12]
 147:Src/main.c    ****   RCC_ClkInitStruct.APB2CLKDivider = RCC_HCLK_DIV1;
 276              		.loc 1 147 3 is_stmt 1 view .LVU82
 147:Src/main.c    ****   RCC_ClkInitStruct.APB2CLKDivider = RCC_HCLK_DIV1;
 277              		.loc 1 147 36 is_stmt 0 view .LVU83
 278 0034 0494     		str	r4, [sp, #16]
 148:Src/main.c    **** 
 279              		.loc 1 148 3 is_stmt 1 view .LVU84
 148:Src/main.c    **** 
 280              		.loc 1 148 36 is_stmt 0 view .LVU85
 281 0036 0594     		str	r4, [sp, #20]
 150:Src/main.c    ****   {
 282              		.loc 1 150 3 is_stmt 1 view .LVU86
 150:Src/main.c    ****   {
 283              		.loc 1 150 7 is_stmt 0 view .LVU87
 284 0038 2146     		mov	r1, r4
 285 003a 01A8     		add	r0, sp, #4
 286 003c FFF7FEFF 		bl	HAL_RCC_ClockConfig
 287              	.LVL4:
 154:Src/main.c    **** 
 288              		.loc 1 154 1 view .LVU88
 289 0040 10B0     		add	sp, sp, #64
 290              	.LCFI6:
 291              		.cfi_def_cfa_offset 8
 292              		@ sp needed
 293 0042 10BD     		pop	{r4, pc}
 294              		.cfi_endproc
 295              	.LFE69:
 297              		.section	.rodata.main.str1.4,"aMS",%progbits,1
 298              		.align	2
 299              	.LC0:
 300 0000 486F6C61 		.ascii	"HolaMundo\000"
 300      4D756E64 
 300      6F00
 301              		.section	.text.main,"ax",%progbits
 302              		.align	1
 303              		.global	main
 304              		.syntax unified
 305              		.thumb
 306              		.thumb_func
 307              		.fpu softvfp
 309              	main:
 310              	.LFB68:
  77:Src/main.c    ****   /* USER CODE BEGIN 1 */
 311              		.loc 1 77 1 is_stmt 1 view -0
 312              		.cfi_startproc
 313              		@ Volatile: function does not return.
 314              		@ args = 0, pretend = 0, frame = 0
 315              		@ frame_needed = 0, uses_anonymous_args = 0
 316 0000 08B5     		push	{r3, lr}
 317              	.LCFI7:
 318              		.cfi_def_cfa_offset 8
 319              		.cfi_offset 3, -8
 320              		.cfi_offset 14, -4
ARM GAS  C:\Users\Jacar\AppData\Local\Temp\ccDud7hj.s 			page 12


  85:Src/main.c    **** 
 321              		.loc 1 85 3 view .LVU90
 322 0002 FFF7FEFF 		bl	HAL_Init
 323              	.LVL5:
  92:Src/main.c    **** 
 324              		.loc 1 92 3 view .LVU91
 325 0006 FFF7FEFF 		bl	SystemClock_Config
 326              	.LVL6:
  99:Src/main.c    ****   MX_CAN_Init();
 327              		.loc 1 99 3 view .LVU92
 328 000a FFF7FEFF 		bl	MX_GPIO_Init
 329              	.LVL7:
 100:Src/main.c    ****   MX_USART2_UART_Init();
 330              		.loc 1 100 3 view .LVU93
 331 000e FFF7FEFF 		bl	MX_CAN_Init
 332              	.LVL8:
 101:Src/main.c    ****   /* USER CODE BEGIN 2 */
 333              		.loc 1 101 3 view .LVU94
 334 0012 FFF7FEFF 		bl	MX_USART2_UART_Init
 335              	.LVL9:
 336              	.L16:
 111:Src/main.c    ****   {
 337              		.loc 1 111 3 discriminator 1 view .LVU95
 115:Src/main.c    **** 
 338              		.loc 1 115 5 discriminator 1 view .LVU96
 339 0016 6423     		movs	r3, #100
 340 0018 0922     		movs	r2, #9
 341 001a 0249     		ldr	r1, .L18
 342 001c 0248     		ldr	r0, .L18+4
 343 001e FFF7FEFF 		bl	HAL_UART_Transmit
 344              	.LVL10:
 111:Src/main.c    ****   {
 345              		.loc 1 111 9 discriminator 1 view .LVU97
 346 0022 F8E7     		b	.L16
 347              	.L19:
 348              		.align	2
 349              	.L18:
 350 0024 00000000 		.word	.LC0
 351 0028 00000000 		.word	huart2
 352              		.cfi_endproc
 353              	.LFE68:
 355              		.section	.text.Error_Handler,"ax",%progbits
 356              		.align	1
 357              		.global	Error_Handler
 358              		.syntax unified
 359              		.thumb
 360              		.thumb_func
 361              		.fpu softvfp
 363              	Error_Handler:
 364              	.LFB73:
 239:Src/main.c    **** 
 240:Src/main.c    **** /* USER CODE BEGIN 4 */
 241:Src/main.c    **** 
 242:Src/main.c    **** /* USER CODE END 4 */
 243:Src/main.c    **** 
 244:Src/main.c    **** /**
 245:Src/main.c    ****   * @brief  This function is executed in case of error occurrence.
ARM GAS  C:\Users\Jacar\AppData\Local\Temp\ccDud7hj.s 			page 13


 246:Src/main.c    ****   * @retval None
 247:Src/main.c    ****   */
 248:Src/main.c    **** void Error_Handler(void)
 249:Src/main.c    **** {
 365              		.loc 1 249 1 view -0
 366              		.cfi_startproc
 367              		@ args = 0, pretend = 0, frame = 0
 368              		@ frame_needed = 0, uses_anonymous_args = 0
 369              		@ link register save eliminated.
 250:Src/main.c    ****   /* USER CODE BEGIN Error_Handler_Debug */
 251:Src/main.c    ****   /* User can add his own implementation to report the HAL error return state */
 252:Src/main.c    **** 
 253:Src/main.c    ****   /* USER CODE END Error_Handler_Debug */
 254:Src/main.c    **** }
 370              		.loc 1 254 1 view .LVU99
 371 0000 7047     		bx	lr
 372              		.cfi_endproc
 373              	.LFE73:
 375              		.comm	huart2,64,4
 376              		.comm	hcan,40,4
 377              		.text
 378              	.Letext0:
 379              		.file 2 "c:\\toolchains\\gcc-arm-none-eabi-9-2020-q2-update-win32\\arm-none-eabi\\include\\machine
 380              		.file 3 "c:\\toolchains\\gcc-arm-none-eabi-9-2020-q2-update-win32\\arm-none-eabi\\include\\sys\\_s
 381              		.file 4 "Drivers/CMSIS/Include/core_cm3.h"
 382              		.file 5 "Drivers/CMSIS/Device/ST/STM32F1xx/Include/system_stm32f1xx.h"
 383              		.file 6 "Drivers/CMSIS/Device/ST/STM32F1xx/Include/stm32f103xb.h"
 384              		.file 7 "Drivers/CMSIS/Device/ST/STM32F1xx/Include/stm32f1xx.h"
 385              		.file 8 "Drivers/STM32F1xx_HAL_Driver/Inc/stm32f1xx_hal_def.h"
 386              		.file 9 "Drivers/STM32F1xx_HAL_Driver/Inc/stm32f1xx_hal_rcc.h"
 387              		.file 10 "Drivers/STM32F1xx_HAL_Driver/Inc/stm32f1xx_hal_rcc_ex.h"
 388              		.file 11 "Drivers/STM32F1xx_HAL_Driver/Inc/stm32f1xx_hal_dma.h"
 389              		.file 12 "Drivers/STM32F1xx_HAL_Driver/Inc/stm32f1xx_hal_can.h"
 390              		.file 13 "Drivers/STM32F1xx_HAL_Driver/Inc/stm32f1xx_hal_uart.h"
 391              		.file 14 "Drivers/STM32F1xx_HAL_Driver/Inc/stm32f1xx_hal.h"
 392              		.file 15 "c:\\toolchains\\gcc-arm-none-eabi-9-2020-q2-update-win32\\lib\\gcc\\arm-none-eabi\\9.3.1
 393              		.file 16 "c:\\toolchains\\gcc-arm-none-eabi-9-2020-q2-update-win32\\arm-none-eabi\\include\\sys\\_
 394              		.file 17 "c:\\toolchains\\gcc-arm-none-eabi-9-2020-q2-update-win32\\arm-none-eabi\\include\\sys\\r
 395              		.file 18 "c:\\toolchains\\gcc-arm-none-eabi-9-2020-q2-update-win32\\arm-none-eabi\\include\\sys\\l
 396              		.file 19 "c:\\toolchains\\gcc-arm-none-eabi-9-2020-q2-update-win32\\arm-none-eabi\\include\\stdlib
 397              		.file 20 "<built-in>"
ARM GAS  C:\Users\Jacar\AppData\Local\Temp\ccDud7hj.s 			page 14


DEFINED SYMBOLS
                            *ABS*:00000000 main.c
C:\Users\Jacar\AppData\Local\Temp\ccDud7hj.s:16     .text.MX_GPIO_Init:00000000 $t
C:\Users\Jacar\AppData\Local\Temp\ccDud7hj.s:23     .text.MX_GPIO_Init:00000000 MX_GPIO_Init
C:\Users\Jacar\AppData\Local\Temp\ccDud7hj.s:74     .text.MX_GPIO_Init:0000002c $d
C:\Users\Jacar\AppData\Local\Temp\ccDud7hj.s:79     .text.MX_CAN_Init:00000000 $t
C:\Users\Jacar\AppData\Local\Temp\ccDud7hj.s:85     .text.MX_CAN_Init:00000000 MX_CAN_Init
C:\Users\Jacar\AppData\Local\Temp\ccDud7hj.s:145    .text.MX_CAN_Init:00000028 $d
                            *COM*:00000028 hcan
C:\Users\Jacar\AppData\Local\Temp\ccDud7hj.s:151    .text.MX_USART2_UART_Init:00000000 $t
C:\Users\Jacar\AppData\Local\Temp\ccDud7hj.s:157    .text.MX_USART2_UART_Init:00000000 MX_USART2_UART_Init
C:\Users\Jacar\AppData\Local\Temp\ccDud7hj.s:206    .text.MX_USART2_UART_Init:00000024 $d
                            *COM*:00000040 huart2
C:\Users\Jacar\AppData\Local\Temp\ccDud7hj.s:212    .text.SystemClock_Config:00000000 $t
C:\Users\Jacar\AppData\Local\Temp\ccDud7hj.s:219    .text.SystemClock_Config:00000000 SystemClock_Config
C:\Users\Jacar\AppData\Local\Temp\ccDud7hj.s:298    .rodata.main.str1.4:00000000 $d
C:\Users\Jacar\AppData\Local\Temp\ccDud7hj.s:302    .text.main:00000000 $t
C:\Users\Jacar\AppData\Local\Temp\ccDud7hj.s:309    .text.main:00000000 main
C:\Users\Jacar\AppData\Local\Temp\ccDud7hj.s:350    .text.main:00000024 $d
C:\Users\Jacar\AppData\Local\Temp\ccDud7hj.s:356    .text.Error_Handler:00000000 $t
C:\Users\Jacar\AppData\Local\Temp\ccDud7hj.s:363    .text.Error_Handler:00000000 Error_Handler

UNDEFINED SYMBOLS
HAL_CAN_Init
HAL_UART_Init
memset
HAL_RCC_OscConfig
HAL_RCC_ClockConfig
HAL_Init
HAL_UART_Transmit
