ARM GAS  C:\Users\Jacar\AppData\Local\Temp\ccHGQC0c.s 			page 1


   1              		.cpu cortex-m3
   2              		.eabi_attribute 20, 1
   3              		.eabi_attribute 21, 1
   4              		.eabi_attribute 23, 3
   5              		.eabi_attribute 24, 1
   6              		.eabi_attribute 25, 1
   7              		.eabi_attribute 26, 1
   8              		.eabi_attribute 30, 1
   9              		.eabi_attribute 34, 1
  10              		.eabi_attribute 18, 4
  11              		.file	"serial.c"
  12              		.text
  13              	.Ltext0:
  14              		.cfi_sections	.debug_frame
  15              		.section	.text.serial_sendData,"ax",%progbits
  16              		.align	1
  17              		.global	serial_sendData
  18              		.arch armv7-m
  19              		.syntax unified
  20              		.thumb
  21              		.thumb_func
  22              		.fpu softvfp
  24              	serial_sendData:
  25              	.LVL0:
  26              	.LFB3:
  27              		.file 1 "Src/serial.c"
   1:Src/serial.c  **** #include "serial.h"
   2:Src/serial.c  **** 
   3:Src/serial.c  **** int serial_sendData(const char *msg, size_t size)
   4:Src/serial.c  **** {
  28              		.loc 1 4 1 view -0
  29              		.cfi_startproc
  30              		@ args = 0, pretend = 0, frame = 0
  31              		@ frame_needed = 0, uses_anonymous_args = 0
  32              		@ link register save eliminated.
   5:Src/serial.c  **** 
   6:Src/serial.c  ****     return 0;
  33              		.loc 1 6 5 view .LVU1
   7:Src/serial.c  **** }...
  34              		.loc 1 7 1 is_stmt 0 view .LVU2
  35 0000 0020     		movs	r0, #0
  36              	.LVL1:
  37              		.loc 1 7 1 view .LVU3
  38 0002 7047     		bx	lr
  39              		.cfi_endproc
  40              	.LFE3:
  42              		.text
  43              	.Letext0:
  44              		.file 2 "c:\\toolchains\\gcc-arm-none-eabi-9-2020-q2-update-win32\\lib\\gcc\\arm-none-eabi\\9.3.1\
  45              		.file 3 "c:\\toolchains\\gcc-arm-none-eabi-9-2020-q2-update-win32\\arm-none-eabi\\include\\sys\\_t
  46              		.file 4 "c:\\toolchains\\gcc-arm-none-eabi-9-2020-q2-update-win32\\arm-none-eabi\\include\\sys\\re
  47              		.file 5 "c:\\toolchains\\gcc-arm-none-eabi-9-2020-q2-update-win32\\arm-none-eabi\\include\\sys\\lo
  48              		.file 6 "c:\\toolchains\\gcc-arm-none-eabi-9-2020-q2-update-win32\\arm-none-eabi\\include\\stdlib.
ARM GAS  C:\Users\Jacar\AppData\Local\Temp\ccHGQC0c.s 			page 2


DEFINED SYMBOLS
                            *ABS*:00000000 serial.c
C:\Users\Jacar\AppData\Local\Temp\ccHGQC0c.s:16     .text.serial_sendData:00000000 $t
C:\Users\Jacar\AppData\Local\Temp\ccHGQC0c.s:24     .text.serial_sendData:00000000 serial_sendData

NO UNDEFINED SYMBOLS
